- Dc2 => R7HXA2uJIfV8pvxzmrWAHWEJhBykufuDd_lxN__fiTsUNS4q0
- sY => gVoRDDNSQXCVVGdmU_P8FhfEkodnnqZ
- Dc2 => I3
- Ro0d8K_AIWMN8 => w6U1RzLYdGf9jyPjaPzuP687uz4xTO2XOB9mH
- I3 => 1JkoMJ9Uepgmr5pmLDEdDnNnlL15uYbxj14CNM8
- T2MrVdwQcp7ZyWnHH => DM9wmW0jkCvaD9Ia1TqA
- Y7WlcGKoHdaS7aoa5eVGOqBYdArKsxP27ou => g2piymHWPbenG97k3NChp
- qrfNunp24Y9cCg8zqkukDIYRpUP96DYcbfxvZ_M3IZd9 => PUSoKmTqZX0AeqwcUAtX0JfnHvyTftlzH9Zm8Gi1WdJIJEj
- F32qIAzJ1vXIEUkk2GoFxcRop => 1EdOagAe9nmuSO1h_0t5
- koGYj1wXC => jN5LNS4paPb1BsBwYf8b6VuAR4LGlPkRLN5DIt3aUd4
- EXJc3jL1MKqiC3OPQuvsfsyvtHLk_TAO => VK61a3rJ3UoLfL4sEoSH
- F32qIAzJ1vXIEUkk2GoFxcRop => P_sN6V5Mp6mfFgMBew9TaTjh5XFxLDbrYERt595pi
- g2piymHWPbenG97k3NChp => V7TLjnSS2zlVBGiIJ9wZWrmisaVV
- ZcUWVvGT5_Q2YfglyWKLch07sn8iue => 5S02HLZ_EDb
- g2piymHWPbenG97k3NChp => fsidWk
- wdhBgh0Ltjv2i335KgPwQC8_rNk_NfqvpDb5ijkWSx => g7XorjTMvzqQF56Qra_3T60M9
- ED7l7bXTwV => 1WUYiXO
- 0VBf84DGf13ME1P1DUUWWyD => yZN6ST
- yZN6ST => jN5LNS4paPb1BsBwYf8b6VuAR4LGlPkRLN5DIt3aUd4
- yZN6ST => T2MrVdwQcp7ZyWnHH
- _ZJ8EhA48gWgdcwnGNItGQDASaVDyzyGkU => lJQEO6i7Y6ndh4XCMu1A96FbMVgi21inXkMl6VooPbKtxcy
- Dc2 => LQCraunbYjFlIpywH8V
- EGnXGHkH => PUSoKmTqZX0AeqwcUAtX0JfnHvyTftlzH9Zm8Gi1WdJIJEj
- PWs559L3HHCd => koGYj1wXC
- I3 => quRsRB_J0Rr2iB30vO
- koGYj1wXC => DM9wmW0jkCvaD9Ia1TqA
- Q1KGJiwe => V7TLjnSS2zlVBGiIJ9wZWrmisaVV
- 1WUYiXO => _ZJ8EhA48gWgdcwnGNItGQDASaVDyzyGkU
- fsidWk => IXFqTaxQxcBkPREIUWuLlaVwwtG0ju4
- V7TLjnSS2zlVBGiIJ9wZWrmisaVV => 5S02HLZ_EDb
- EXJc3jL1MKqiC3OPQuvsfsyvtHLk_TAO => jN5LNS4paPb1BsBwYf8b6VuAR4LGlPkRLN5DIt3aUd4
- 9rJkAqP9TUPjDF => gVoRDDNSQXCVVGdmU_P8FhfEkodnnqZ
+ IXFqTaxQxcBkPREIUWuLlaVwwtG0ju4 => 0GXq2OqN3hbbgvgWKQKEO1J
- gVoRDDNSQXCVVGdmU_P8FhfEkodnnqZ => jnZ3kHQWTAXQ9VHxYlC
+ ZcUWVvGT5_Q2YfglyWKLch07sn8iue => 1WUYiXO
- PUSoKmTqZX0AeqwcUAtX0JfnHvyTftlzH9Zm8Gi1WdJIJEj => P_sN6V5Mp6mfFgMBew9TaTjh5XFxLDbrYERt595pi
- R7HXA2uJIfV8pvxzmrWAHWEJhBykufuDd_lxN__fiTsUNS4q0 => koGYj1wXC
- Dc2 => PWs559L3HHCd
- EXJc3jL1MKqiC3OPQuvsfsyvtHLk_TAO => P_sN6V5Mp6mfFgMBew9TaTjh5XFxLDbrYERt595pi
- P_sN6V5Mp6mfFgMBew9TaTjh5XFxLDbrYERt595pi => g2piymHWPbenG97k3NChp
+ 9rJkAqP9TUPjDF => I3
- AIATDQn7MjQaMjf => F32qIAzJ1vXIEUkk2GoFxcRop
- Y7WlcGKoHdaS7aoa5eVGOqBYdArKsxP27ou => koGYj1wXC
- 0GXq2OqN3hbbgvgWKQKEO1J => o_n0F36lPwdV00zvYYUosxKS
- EGnXGHkH => jnZ3kHQWTAXQ9VHxYlC
- I3 => X_p3NrAYTRVycxgow4i75ntggiFAO
- EGnXGHkH => Q1KGJiwe
- koGYj1wXC => sY
- qz6OXkC => EGnXGHkH
- Q1KGJiwe => o_n0F36lPwdV00zvYYUosxKS
- 0GXq2OqN3hbbgvgWKQKEO1J => sY
- I3 => 9rJkAqP9TUPjDF
- koGYj1wXC => R7HXA2uJIfV8pvxzmrWAHWEJhBykufuDd_lxN__fiTsUNS4q0
- ojNF => koGYj1wXC
- 0VBf84DGf13ME1P1DUUWWyD => fsidWk
- g2piymHWPbenG97k3NChp => fsidWk
- qrfNunp24Y9cCg8zqkukDIYRpUP96DYcbfxvZ_M3IZd9 => koGYj1wXC
- g2piymHWPbenG97k3NChp => _ZJ8EhA48gWgdcwnGNItGQDASaVDyzyGkU
- I3 => V7TLjnSS2zlVBGiIJ9wZWrmisaVV
- VK61a3rJ3UoLfL4sEoSH => EGnXGHkH
- _ZJ8EhA48gWgdcwnGNItGQDASaVDyzyGkU => ZcUWVvGT5_Q2YfglyWKLch07sn8iue
+ g7XorjTMvzqQF56Qra_3T60M9 => EXJc3jL1MKqiC3OPQuvsfsyvtHLk_TAO
- qrfNunp24Y9cCg8zqkukDIYRpUP96DYcbfxvZ_M3IZd9 => EGnXGHkH
- g2piymHWPbenG97k3NChp => o_n0F36lPwdV00zvYYUosxKS
- EGnXGHkH => AIATDQn7MjQaMjf
- qz6OXkC => w6U1RzLYdGf9jyPjaPzuP687uz4xTO2XOB9mH
- VK61a3rJ3UoLfL4sEoSH => _ZJ8EhA48gWgdcwnGNItGQDASaVDyzyGkU
+ LQCraunbYjFlIpywH8V => yZN6ST
+ fsidWk => AIATDQn7MjQaMjf
- F32qIAzJ1vXIEUkk2GoFxcRop => qz6OXkC
- Y7WlcGKoHdaS7aoa5eVGOqBYdArKsxP27ou => AIATDQn7MjQaMjf
+ yZN6ST => 5S02HLZ_EDb
- Y7WlcGKoHdaS7aoa5eVGOqBYdArKsxP27ou => 0VBf84DGf13ME1P1DUUWWyD
+ 1EdOagAe9nmuSO1h_0t5 => PWs559L3HHCd
+ P_sN6V5Mp6mfFgMBew9TaTjh5XFxLDbrYERt595pi => yZN6ST
- EXJc3jL1MKqiC3OPQuvsfsyvtHLk_TAO => LQCraunbYjFlIpywH8V
+ 1EdOagAe9nmuSO1h_0t5 => _ZJ8EhA48gWgdcwnGNItGQDASaVDyzyGkU
- R7HXA2uJIfV8pvxzmrWAHWEJhBykufuDd_lxN__fiTsUNS4q0 => 9rJkAqP9TUPjDF
+ qz6OXkC => I3
+ IXFqTaxQxcBkPREIUWuLlaVwwtG0ju4 => drq0rv42B7MIgVfEw86Tv8SP36kljZvNJ3wwxC71TMtH8g6I
- qrfNunp24Y9cCg8zqkukDIYRpUP96DYcbfxvZ_M3IZd9 => V7TLjnSS2zlVBGiIJ9wZWrmisaVV
- R7HXA2uJIfV8pvxzmrWAHWEJhBykufuDd_lxN__fiTsUNS4q0 => w6U1RzLYdGf9jyPjaPzuP687uz4xTO2XOB9mH
+ P_sN6V5Mp6mfFgMBew9TaTjh5XFxLDbrYERt595pi => EXJc3jL1MKqiC3OPQuvsfsyvtHLk_TAO
- qrfNunp24Y9cCg8zqkukDIYRpUP96DYcbfxvZ_M3IZd9 => EGnXGHkH
- DM9wmW0jkCvaD9Ia1TqA => 1EdOagAe9nmuSO1h_0t5
- gVoRDDNSQXCVVGdmU_P8FhfEkodnnqZ => _ZJ8EhA48gWgdcwnGNItGQDASaVDyzyGkU
- VK61a3rJ3UoLfL4sEoSH => Q1KGJiwe
+ Ro0d8K_AIWMN8 => 5S02HLZ_EDb
- lJQEO6i7Y6ndh4XCMu1A96FbMVgi21inXkMl6VooPbKtxcy => yZN6ST
- lJQEO6i7Y6ndh4XCMu1A96FbMVgi21inXkMl6VooPbKtxcy => ED7l7bXTwV
+ qz6OXkC => wdhBgh0Ltjv2i335KgPwQC8_rNk_NfqvpDb5ijkWSx
- X_p3NrAYTRVycxgow4i75ntggiFAO => g2piymHWPbenG97k3NChp
+ 9rJkAqP9TUPjDF => AIATDQn7MjQaMjf
- DM9wmW0jkCvaD9Ia1TqA => 1JkoMJ9Uepgmr5pmLDEdDnNnlL15uYbxj14CNM8
+ Ro0d8K_AIWMN8 => fsidWk
+ ZcUWVvGT5_Q2YfglyWKLch07sn8iue => 1JkoMJ9Uepgmr5pmLDEdDnNnlL15uYbxj14CNM8
- IXFqTaxQxcBkPREIUWuLlaVwwtG0ju4 => T2MrVdwQcp7ZyWnHH
+ qz6OXkC => 1WUYiXO
+ g7XorjTMvzqQF56Qra_3T60M9 => F32qIAzJ1vXIEUkk2GoFxcRop
- yZN6ST => gVoRDDNSQXCVVGdmU_P8FhfEkodnnqZ
+ drq0rv42B7MIgVfEw86Tv8SP36kljZvNJ3wwxC71TMtH8g6I => 9rJkAqP9TUPjDF
- X_p3NrAYTRVycxgow4i75ntggiFAO => ED7l7bXTwV
+ wdhBgh0Ltjv2i335KgPwQC8_rNk_NfqvpDb5ijkWSx => LQCraunbYjFlIpywH8V
+ T2MrVdwQcp7ZyWnHH => 0VBf84DGf13ME1P1DUUWWyD
+ qz6OXkC => ZcUWVvGT5_Q2YfglyWKLch07sn8iue
- 1JkoMJ9Uepgmr5pmLDEdDnNnlL15uYbxj14CNM8 => g2piymHWPbenG97k3NChp
- T2MrVdwQcp7ZyWnHH => g2piymHWPbenG97k3NChp
+ quRsRB_J0Rr2iB30vO => PUSoKmTqZX0AeqwcUAtX0JfnHvyTftlzH9Zm8Gi1WdJIJEj
- EXJc3jL1MKqiC3OPQuvsfsyvtHLk_TAO => w6U1RzLYdGf9jyPjaPzuP687uz4xTO2XOB9mH
+ T2MrVdwQcp7ZyWnHH => 5S02HLZ_EDb
- V7TLjnSS2zlVBGiIJ9wZWrmisaVV => gVoRDDNSQXCVVGdmU_P8FhfEkodnnqZ
- qrfNunp24Y9cCg8zqkukDIYRpUP96DYcbfxvZ_M3IZd9 => 1EdOagAe9nmuSO1h_0t5
+ EGnXGHkH => R7HXA2uJIfV8pvxzmrWAHWEJhBykufuDd_lxN__fiTsUNS4q0
+ PWs559L3HHCd => P_sN6V5Mp6mfFgMBew9TaTjh5XFxLDbrYERt595pi
+ F32qIAzJ1vXIEUkk2GoFxcRop => VK61a3rJ3UoLfL4sEoSH
- X_p3NrAYTRVycxgow4i75ntggiFAO => 9rJkAqP9TUPjDF
+ I2mC60s1g8xmxVsnQdRXHD4iRZ0XTfafa6vaHnwngf52idl => drq0rv42B7MIgVfEw86Tv8SP36kljZvNJ3wwxC71TMtH8g6I
- DM9wmW0jkCvaD9Ia1TqA => EXJc3jL1MKqiC3OPQuvsfsyvtHLk_TAO
+ VK61a3rJ3UoLfL4sEoSH => lJQEO6i7Y6ndh4XCMu1A96FbMVgi21inXkMl6VooPbKtxcy
- 1JkoMJ9Uepgmr5pmLDEdDnNnlL15uYbxj14CNM8 => EXJc3jL1MKqiC3OPQuvsfsyvtHLk_TAO
+ lJQEO6i7Y6ndh4XCMu1A96FbMVgi21inXkMl6VooPbKtxcy => PWs559L3HHCd
+ Q1KGJiwe => LQCraunbYjFlIpywH8V
+ koGYj1wXC => DM9wmW0jkCvaD9Ia1TqA
- X_p3NrAYTRVycxgow4i75ntggiFAO => jN5LNS4paPb1BsBwYf8b6VuAR4LGlPkRLN5DIt3aUd4
+ qz6OXkC => drq0rv42B7MIgVfEw86Tv8SP36kljZvNJ3wwxC71TMtH8g6I
+ EXJc3jL1MKqiC3OPQuvsfsyvtHLk_TAO => ojNF
+ ZcUWVvGT5_Q2YfglyWKLch07sn8iue => R7HXA2uJIfV8pvxzmrWAHWEJhBykufuDd_lxN__fiTsUNS4q0
+ Dc2 => fsidWk
+ 0VBf84DGf13ME1P1DUUWWyD => 1EdOagAe9nmuSO1h_0t5
+ EGnXGHkH => _ZJ8EhA48gWgdcwnGNItGQDASaVDyzyGkU
- 1JkoMJ9Uepgmr5pmLDEdDnNnlL15uYbxj14CNM8 => fsidWk
+ g7XorjTMvzqQF56Qra_3T60M9 => I2mC60s1g8xmxVsnQdRXHD4iRZ0XTfafa6vaHnwngf52idl
+ qz6OXkC => 1EdOagAe9nmuSO1h_0t5
+ PUSoKmTqZX0AeqwcUAtX0JfnHvyTftlzH9Zm8Gi1WdJIJEj => g7XorjTMvzqQF56Qra_3T60M9
+ Ro0d8K_AIWMN8 => PUSoKmTqZX0AeqwcUAtX0JfnHvyTftlzH9Zm8Gi1WdJIJEj
+ sY => lJQEO6i7Y6ndh4XCMu1A96FbMVgi21inXkMl6VooPbKtxcy
+ quRsRB_J0Rr2iB30vO => T2MrVdwQcp7ZyWnHH
+ drq0rv42B7MIgVfEw86Tv8SP36kljZvNJ3wwxC71TMtH8g6I => 1WUYiXO
- qrfNunp24Y9cCg8zqkukDIYRpUP96DYcbfxvZ_M3IZd9 => koGYj1wXC
+ VK61a3rJ3UoLfL4sEoSH => Ro0d8K_AIWMN8
+ ojNF => P_sN6V5Mp6mfFgMBew9TaTjh5XFxLDbrYERt595pi
+ T2MrVdwQcp7ZyWnHH => drq0rv42B7MIgVfEw86Tv8SP36kljZvNJ3wwxC71TMtH8g6I
+ 5S02HLZ_EDb => PWs559L3HHCd
+ g2piymHWPbenG97k3NChp => drq0rv42B7MIgVfEw86Tv8SP36kljZvNJ3wwxC71TMtH8g6I
+ VK61a3rJ3UoLfL4sEoSH => AIATDQn7MjQaMjf
+ g7XorjTMvzqQF56Qra_3T60M9 => V7TLjnSS2zlVBGiIJ9wZWrmisaVV
+ IXFqTaxQxcBkPREIUWuLlaVwwtG0ju4 => drq0rv42B7MIgVfEw86Tv8SP36kljZvNJ3wwxC71TMtH8g6I
+ wdhBgh0Ltjv2i335KgPwQC8_rNk_NfqvpDb5ijkWSx => Y7WlcGKoHdaS7aoa5eVGOqBYdArKsxP27ou
+ P_sN6V5Mp6mfFgMBew9TaTjh5XFxLDbrYERt595pi => Ro0d8K_AIWMN8
+ AIATDQn7MjQaMjf => w6U1RzLYdGf9jyPjaPzuP687uz4xTO2XOB9mH
+ ED7l7bXTwV => 0VBf84DGf13ME1P1DUUWWyD
+ AIATDQn7MjQaMjf => PUSoKmTqZX0AeqwcUAtX0JfnHvyTftlzH9Zm8Gi1WdJIJEj
+ 9rJkAqP9TUPjDF => Y7WlcGKoHdaS7aoa5eVGOqBYdArKsxP27ou
+ g7XorjTMvzqQF56Qra_3T60M9 => qz6OXkC
- 1JkoMJ9Uepgmr5pmLDEdDnNnlL15uYbxj14CNM8 => jN5LNS4paPb1BsBwYf8b6VuAR4LGlPkRLN5DIt3aUd4
+ sY => I2mC60s1g8xmxVsnQdRXHD4iRZ0XTfafa6vaHnwngf52idl
+ g7XorjTMvzqQF56Qra_3T60M9 => Ro0d8K_AIWMN8
+ 1WUYiXO => quRsRB_J0Rr2iB30vO
+ lJQEO6i7Y6ndh4XCMu1A96FbMVgi21inXkMl6VooPbKtxcy => 1EdOagAe9nmuSO1h_0t5
+ EXJc3jL1MKqiC3OPQuvsfsyvtHLk_TAO => V7TLjnSS2zlVBGiIJ9wZWrmisaVV
+ V7TLjnSS2zlVBGiIJ9wZWrmisaVV => jnZ3kHQWTAXQ9VHxYlC
- 1JkoMJ9Uepgmr5pmLDEdDnNnlL15uYbxj14CNM8 => qz6OXkC
+ sY => yZN6ST
+ jN5LNS4paPb1BsBwYf8b6VuAR4LGlPkRLN5DIt3aUd4 => 1WUYiXO
+ EXJc3jL1MKqiC3OPQuvsfsyvtHLk_TAO => 0VBf84DGf13ME1P1DUUWWyD
+ g2piymHWPbenG97k3NChp => 1JkoMJ9Uepgmr5pmLDEdDnNnlL15uYbxj14CNM8
+ PWs559L3HHCd => PUSoKmTqZX0AeqwcUAtX0JfnHvyTftlzH9Zm8Gi1WdJIJEj
+ ZcUWVvGT5_Q2YfglyWKLch07sn8iue => jnZ3kHQWTAXQ9VHxYlC
+ T2MrVdwQcp7ZyWnHH => 1EdOagAe9nmuSO1h_0t5
+ g7XorjTMvzqQF56Qra_3T60M9 => lJQEO6i7Y6ndh4XCMu1A96FbMVgi21inXkMl6VooPbKtxcy
+ jN5LNS4paPb1BsBwYf8b6VuAR4LGlPkRLN5DIt3aUd4 => gVoRDDNSQXCVVGdmU_P8FhfEkodnnqZ
+ PWs559L3HHCd => Q1KGJiwe
+ I2mC60s1g8xmxVsnQdRXHD4iRZ0XTfafa6vaHnwngf52idl => qz6OXkC
+ PWs559L3HHCd => g7XorjTMvzqQF56Qra_3T60M9
+ gVoRDDNSQXCVVGdmU_P8FhfEkodnnqZ => 5S02HLZ_EDb
+ jN5LNS4paPb1BsBwYf8b6VuAR4LGlPkRLN5DIt3aUd4 => DM9wmW0jkCvaD9Ia1TqA
+ drq0rv42B7MIgVfEw86Tv8SP36kljZvNJ3wwxC71TMtH8g6I => Dc2
+ V7TLjnSS2zlVBGiIJ9wZWrmisaVV => ZcUWVvGT5_Q2YfglyWKLch07sn8iue
+ VK61a3rJ3UoLfL4sEoSH => ojNF
+ Ro0d8K_AIWMN8 => ZcUWVvGT5_Q2YfglyWKLch07sn8iue
+ sY => qz6OXkC
+ ZcUWVvGT5_Q2YfglyWKLch07sn8iue => lJQEO6i7Y6ndh4XCMu1A96FbMVgi21inXkMl6VooPbKtxcy
+ Q1KGJiwe => 5S02HLZ_EDb
+ 1EdOagAe9nmuSO1h_0t5 => P_sN6V5Mp6mfFgMBew9TaTjh5XFxLDbrYERt595pi
+ PWs559L3HHCd => jN5LNS4paPb1BsBwYf8b6VuAR4LGlPkRLN5DIt3aUd4
+ _ZJ8EhA48gWgdcwnGNItGQDASaVDyzyGkU => VK61a3rJ3UoLfL4sEoSH
+ 0VBf84DGf13ME1P1DUUWWyD => koGYj1wXC
+ 1WUYiXO => gk6k3y0D7J4DASP6IBKID1DIYrAL_7gWimXYpXpORSo
+ 0VBf84DGf13ME1P1DUUWWyD => 9rJkAqP9TUPjDF
+ o_n0F36lPwdV00zvYYUosxKS => AIATDQn7MjQaMjf
+ T2MrVdwQcp7ZyWnHH => 5S02HLZ_EDb
+ jnZ3kHQWTAXQ9VHxYlC => I2mC60s1g8xmxVsnQdRXHD4iRZ0XTfafa6vaHnwngf52idl
+ ojNF => R7HXA2uJIfV8pvxzmrWAHWEJhBykufuDd_lxN__fiTsUNS4q0
+ R7HXA2uJIfV8pvxzmrWAHWEJhBykufuDd_lxN__fiTsUNS4q0 => wdhBgh0Ltjv2i335KgPwQC8_rNk_NfqvpDb5ijkWSx
+ quRsRB_J0Rr2iB30vO => PWs559L3HHCd
+ gk6k3y0D7J4DASP6IBKID1DIYrAL_7gWimXYpXpORSo => Y7WlcGKoHdaS7aoa5eVGOqBYdArKsxP27ou
+ I2mC60s1g8xmxVsnQdRXHD4iRZ0XTfafa6vaHnwngf52idl => wdhBgh0Ltjv2i335KgPwQC8_rNk_NfqvpDb5ijkWSx
+ 0VBf84DGf13ME1P1DUUWWyD => V7TLjnSS2zlVBGiIJ9wZWrmisaVV
+ Dc2 => X_p3NrAYTRVycxgow4i75ntggiFAO
+ gVoRDDNSQXCVVGdmU_P8FhfEkodnnqZ => qz6OXkC
+ R7HXA2uJIfV8pvxzmrWAHWEJhBykufuDd_lxN__fiTsUNS4q0 => PUSoKmTqZX0AeqwcUAtX0JfnHvyTftlzH9Zm8Gi1WdJIJEj
+ 0GXq2OqN3hbbgvgWKQKEO1J => P_sN6V5Mp6mfFgMBew9TaTjh5XFxLDbrYERt595pi
+ V7TLjnSS2zlVBGiIJ9wZWrmisaVV => EGnXGHkH
+ lJQEO6i7Y6ndh4XCMu1A96FbMVgi21inXkMl6VooPbKtxcy => Dc2
+ EXJc3jL1MKqiC3OPQuvsfsyvtHLk_TAO => 0GXq2OqN3hbbgvgWKQKEO1J
+ PWs559L3HHCd => ojNF
+ PWs559L3HHCd => w6U1RzLYdGf9jyPjaPzuP687uz4xTO2XOB9mH
+ DM9wmW0jkCvaD9Ia1TqA => EXJc3jL1MKqiC3OPQuvsfsyvtHLk_TAO
+ DM9wmW0jkCvaD9Ia1TqA => qrfNunp24Y9cCg8zqkukDIYRpUP96DYcbfxvZ_M3IZd9
+ 1WUYiXO => PUSoKmTqZX0AeqwcUAtX0JfnHvyTftlzH9Zm8Gi1WdJIJEj
+ LQCraunbYjFlIpywH8V => V7TLjnSS2zlVBGiIJ9wZWrmisaVV
+ g2piymHWPbenG97k3NChp => lJQEO6i7Y6ndh4XCMu1A96FbMVgi21inXkMl6VooPbKtxcy
+ T2MrVdwQcp7ZyWnHH => PWs559L3HHCd
+ qz6OXkC => I3
+ LQCraunbYjFlIpywH8V => yZN6ST
+ R7HXA2uJIfV8pvxzmrWAHWEJhBykufuDd_lxN__fiTsUNS4q0 => DM9wmW0jkCvaD9Ia1TqA
+ Y7WlcGKoHdaS7aoa5eVGOqBYdArKsxP27ou => V7TLjnSS2zlVBGiIJ9wZWrmisaVV
+ DM9wmW0jkCvaD9Ia1TqA => LQCraunbYjFlIpywH8V
+ X_p3NrAYTRVycxgow4i75ntggiFAO => T2MrVdwQcp7ZyWnHH
+ Y7WlcGKoHdaS7aoa5eVGOqBYdArKsxP27ou => 1EdOagAe9nmuSO1h_0t5
+ IXFqTaxQxcBkPREIUWuLlaVwwtG0ju4 => F32qIAzJ1vXIEUkk2GoFxcRop
+ I3 => g2piymHWPbenG97k3NChp
+ o_n0F36lPwdV00zvYYUosxKS => DM9wmW0jkCvaD9Ia1TqA
+ qrfNunp24Y9cCg8zqkukDIYRpUP96DYcbfxvZ_M3IZd9 => lJQEO6i7Y6ndh4XCMu1A96FbMVgi21inXkMl6VooPbKtxcy
+ P_sN6V5Mp6mfFgMBew9TaTjh5XFxLDbrYERt595pi => I3
+ VK61a3rJ3UoLfL4sEoSH => I3
- 1JkoMJ9Uepgmr5pmLDEdDnNnlL15uYbxj14CNM8 => Dc2
+ drq0rv42B7MIgVfEw86Tv8SP36kljZvNJ3wwxC71TMtH8g6I => wdhBgh0Ltjv2i335KgPwQC8_rNk_NfqvpDb5ijkWSx
+ lJQEO6i7Y6ndh4XCMu1A96FbMVgi21inXkMl6VooPbKtxcy => drq0rv42B7MIgVfEw86Tv8SP36kljZvNJ3wwxC71TMtH8g6I
+ drq0rv42B7MIgVfEw86Tv8SP36kljZvNJ3wwxC71TMtH8g6I => X_p3NrAYTRVycxgow4i75ntggiFAO
+ Dc2 => R7HXA2uJIfV8pvxzmrWAHWEJhBykufuDd_lxN__fiTsUNS4q0
+ qrfNunp24Y9cCg8zqkukDIYRpUP96DYcbfxvZ_M3IZd9 => X_p3NrAYTRVycxgow4i75ntggiFAO
+ drq0rv42B7MIgVfEw86Tv8SP36kljZvNJ3wwxC71TMtH8g6I => ojNF
+ 1EdOagAe9nmuSO1h_0t5 => IXFqTaxQxcBkPREIUWuLlaVwwtG0ju4
+ 1EdOagAe9nmuSO1h_0t5 => yZN6ST
+ EXJc3jL1MKqiC3OPQuvsfsyvtHLk_TAO => P_sN6V5Mp6mfFgMBew9TaTjh5XFxLDbrYERt595pi
+ 9rJkAqP9TUPjDF => w6U1RzLYdGf9jyPjaPzuP687uz4xTO2XOB9mH
+ Ro0d8K_AIWMN8 => g2piymHWPbenG97k3NChp
+ qz6OXkC => wdhBgh0Ltjv2i335KgPwQC8_rNk_NfqvpDb5ijkWSx
+ AIATDQn7MjQaMjf => yZN6ST
+ 0GXq2OqN3hbbgvgWKQKEO1J => EXJc3jL1MKqiC3OPQuvsfsyvtHLk_TAO
+ ZcUWVvGT5_Q2YfglyWKLch07sn8iue => AIATDQn7MjQaMjf
+ EXJc3jL1MKqiC3OPQuvsfsyvtHLk_TAO => X_p3NrAYTRVycxgow4i75ntggiFAO
+ PWs559L3HHCd => X_p3NrAYTRVycxgow4i75ntggiFAO
+ I2mC60s1g8xmxVsnQdRXHD4iRZ0XTfafa6vaHnwngf52idl => o_n0F36lPwdV00zvYYUosxKS
+ gk6k3y0D7J4DASP6IBKID1DIYrAL_7gWimXYpXpORSo => 5S02HLZ_EDb
+ qrfNunp24Y9cCg8zqkukDIYRpUP96DYcbfxvZ_M3IZd9 => o_n0F36lPwdV00zvYYUosxKS
+ 5S02HLZ_EDb => yZN6ST
+ yZN6ST => koGYj1wXC
+ w6U1RzLYdGf9jyPjaPzuP687uz4xTO2XOB9mH => jN5LNS4paPb1BsBwYf8b6VuAR4LGlPkRLN5DIt3aUd4
+ g2piymHWPbenG97k3NChp => 0VBf84DGf13ME1P1DUUWWyD
+ T2MrVdwQcp7ZyWnHH => EGnXGHkH
+ ojNF => X_p3NrAYTRVycxgow4i75ntggiFAO
+ gVoRDDNSQXCVVGdmU_P8FhfEkodnnqZ => EXJc3jL1MKqiC3OPQuvsfsyvtHLk_TAO
+ T2MrVdwQcp7ZyWnHH => DM9wmW0jkCvaD9Ia1TqA
+ jnZ3kHQWTAXQ9VHxYlC => gVoRDDNSQXCVVGdmU_P8FhfEkodnnqZ
+ g7XorjTMvzqQF56Qra_3T60M9 => P_sN6V5Mp6mfFgMBew9TaTjh5XFxLDbrYERt595pi
+ DM9wmW0jkCvaD9Ia1TqA => lJQEO6i7Y6ndh4XCMu1A96FbMVgi21inXkMl6VooPbKtxcy
+ ED7l7bXTwV => o_n0F36lPwdV00zvYYUosxKS
+ LQCraunbYjFlIpywH8V => R7HXA2uJIfV8pvxzmrWAHWEJhBykufuDd_lxN__fiTsUNS4q0
+ koGYj1wXC => ED7l7bXTwV
+ PWs559L3HHCd => DM9wmW0jkCvaD9Ia1TqA
+ 0VBf84DGf13ME1P1DUUWWyD => ED7l7bXTwV
+ V7TLjnSS2zlVBGiIJ9wZWrmisaVV => Ro0d8K_AIWMN8
+ 1EdOagAe9nmuSO1h_0t5 => gk6k3y0D7J4DASP6IBKID1DIYrAL_7gWimXYpXpORSo
+ qrfNunp24Y9cCg8zqkukDIYRpUP96DYcbfxvZ_M3IZd9 => R7HXA2uJIfV8pvxzmrWAHWEJhBykufuDd_lxN__fiTsUNS4q0
+ wdhBgh0Ltjv2i335KgPwQC8_rNk_NfqvpDb5ijkWSx => X_p3NrAYTRVycxgow4i75ntggiFAO
+ V7TLjnSS2zlVBGiIJ9wZWrmisaVV => ZcUWVvGT5_Q2YfglyWKLch07sn8iue
+ koGYj1wXC => R7HXA2uJIfV8pvxzmrWAHWEJhBykufuDd_lxN__fiTsUNS4q0
+ Ro0d8K_AIWMN8 => 1JkoMJ9Uepgmr5pmLDEdDnNnlL15uYbxj14CNM8
+ V7TLjnSS2zlVBGiIJ9wZWrmisaVV => 1JkoMJ9Uepgmr5pmLDEdDnNnlL15uYbxj14CNM8
+ drq0rv42B7MIgVfEw86Tv8SP36kljZvNJ3wwxC71TMtH8g6I => qz6OXkC
+ EXJc3jL1MKqiC3OPQuvsfsyvtHLk_TAO => _ZJ8EhA48gWgdcwnGNItGQDASaVDyzyGkU
+ P_sN6V5Mp6mfFgMBew9TaTjh5XFxLDbrYERt595pi => lJQEO6i7Y6ndh4XCMu1A96FbMVgi21inXkMl6VooPbKtxcy
+ 1EdOagAe9nmuSO1h_0t5 => yZN6ST
+ qrfNunp24Y9cCg8zqkukDIYRpUP96DYcbfxvZ_M3IZd9 => Y7WlcGKoHdaS7aoa5eVGOqBYdArKsxP27ou
+ Dc2 => yZN6ST
+ lJQEO6i7Y6ndh4XCMu1A96FbMVgi21inXkMl6VooPbKtxcy => 1EdOagAe9nmuSO1h_0t5
+ ZcUWVvGT5_Q2YfglyWKLch07sn8iue => sY
+ V7TLjnSS2zlVBGiIJ9wZWrmisaVV => lJQEO6i7Y6ndh4XCMu1A96FbMVgi21inXkMl6VooPbKtxcy
+ AIATDQn7MjQaMjf => Dc2
+ EGnXGHkH => 9rJkAqP9TUPjDF
+ yZN6ST => 0GXq2OqN3hbbgvgWKQKEO1J
+ drq0rv42B7MIgVfEw86Tv8SP36kljZvNJ3wwxC71TMtH8g6I => V7TLjnSS2zlVBGiIJ9wZWrmisaVV
+ 0GXq2OqN3hbbgvgWKQKEO1J => 5S02HLZ_EDb
+ Dc2 => I2mC60s1g8xmxVsnQdRXHD4iRZ0XTfafa6vaHnwngf52idl
+ EXJc3jL1MKqiC3OPQuvsfsyvtHLk_TAO => 0GXq2OqN3hbbgvgWKQKEO1J
+ ED7l7bXTwV => koGYj1wXC
+ F32qIAzJ1vXIEUkk2GoFxcRop => koGYj1wXC
+ ZcUWVvGT5_Q2YfglyWKLch07sn8iue => IXFqTaxQxcBkPREIUWuLlaVwwtG0ju4
+ qrfNunp24Y9cCg8zqkukDIYRpUP96DYcbfxvZ_M3IZd9 => g2piymHWPbenG97k3NChp
+ AIATDQn7MjQaMjf => o_n0F36lPwdV00zvYYUosxKS
+ 0VBf84DGf13ME1P1DUUWWyD => DM9wmW0jkCvaD9Ia1TqA
+ 0GXq2OqN3hbbgvgWKQKEO1J => jnZ3kHQWTAXQ9VHxYlC
+ 1JkoMJ9Uepgmr5pmLDEdDnNnlL15uYbxj14CNM8 => quRsRB_J0Rr2iB30vO
+ gVoRDDNSQXCVVGdmU_P8FhfEkodnnqZ => Q1KGJiwe
+ _ZJ8EhA48gWgdcwnGNItGQDASaVDyzyGkU => F32qIAzJ1vXIEUkk2GoFxcRop
+ 1EdOagAe9nmuSO1h_0t5 => o_n0F36lPwdV00zvYYUosxKS
+ o_n0F36lPwdV00zvYYUosxKS => I3
+ 1WUYiXO => qrfNunp24Y9cCg8zqkukDIYRpUP96DYcbfxvZ_M3IZd9
+ 1WUYiXO => T2MrVdwQcp7ZyWnHH
+ I3 => quRsRB_J0Rr2iB30vO
+ 0VBf84DGf13ME1P1DUUWWyD => qrfNunp24Y9cCg8zqkukDIYRpUP96DYcbfxvZ_M3IZd9
+ w6U1RzLYdGf9jyPjaPzuP687uz4xTO2XOB9mH => AIATDQn7MjQaMjf
+ DM9wmW0jkCvaD9Ia1TqA => _ZJ8EhA48gWgdcwnGNItGQDASaVDyzyGkU
+ ED7l7bXTwV => lJQEO6i7Y6ndh4XCMu1A96FbMVgi21inXkMl6VooPbKtxcy
+ VK61a3rJ3UoLfL4sEoSH => wdhBgh0Ltjv2i335KgPwQC8_rNk_NfqvpDb5ijkWSx
+ gk6k3y0D7J4DASP6IBKID1DIYrAL_7gWimXYpXpORSo => 1WUYiXO
+ AIATDQn7MjQaMjf => ZcUWVvGT5_Q2YfglyWKLch07sn8iue
+ quRsRB_J0Rr2iB30vO => Y7WlcGKoHdaS7aoa5eVGOqBYdArKsxP27ou
+ IXFqTaxQxcBkPREIUWuLlaVwwtG0ju4 => drq0rv42B7MIgVfEw86Tv8SP36kljZvNJ3wwxC71TMtH8g6I
+ fsidWk => AIATDQn7MjQaMjf
+ ojNF => F32qIAzJ1vXIEUkk2GoFxcRop
+ qz6OXkC => 0GXq2OqN3hbbgvgWKQKEO1J
+ sY => EXJc3jL1MKqiC3OPQuvsfsyvtHLk_TAO
+ jN5LNS4paPb1BsBwYf8b6VuAR4LGlPkRLN5DIt3aUd4 => ojNF
+ 0VBf84DGf13ME1P1DUUWWyD => 0GXq2OqN3hbbgvgWKQKEO1J
+ AIATDQn7MjQaMjf => wdhBgh0Ltjv2i335KgPwQC8_rNk_NfqvpDb5ijkWSx
+ 9rJkAqP9TUPjDF => 5S02HLZ_EDb
+ P_sN6V5Mp6mfFgMBew9TaTjh5XFxLDbrYERt595pi => sY
+ Q1KGJiwe => 0VBf84DGf13ME1P1DUUWWyD
+ IXFqTaxQxcBkPREIUWuLlaVwwtG0ju4 => LQCraunbYjFlIpywH8V
+ koGYj1wXC => qrfNunp24Y9cCg8zqkukDIYRpUP96DYcbfxvZ_M3IZd9
+ V7TLjnSS2zlVBGiIJ9wZWrmisaVV => T2MrVdwQcp7ZyWnHH
+ PUSoKmTqZX0AeqwcUAtX0JfnHvyTftlzH9Zm8Gi1WdJIJEj => gk6k3y0D7J4DASP6IBKID1DIYrAL_7gWimXYpXpORSo
+ X_p3NrAYTRVycxgow4i75ntggiFAO => EXJc3jL1MKqiC3OPQuvsfsyvtHLk_TAO
+ EXJc3jL1MKqiC3OPQuvsfsyvtHLk_TAO => ZcUWVvGT5_Q2YfglyWKLch07sn8iue
+ LQCraunbYjFlIpywH8V => w6U1RzLYdGf9jyPjaPzuP687uz4xTO2XOB9mH
+ w6U1RzLYdGf9jyPjaPzuP687uz4xTO2XOB9mH => _ZJ8EhA48gWgdcwnGNItGQDASaVDyzyGkU
+ DM9wmW0jkCvaD9Ia1TqA => Dc2
+ Ro0d8K_AIWMN8 => ojNF
+ o_n0F36lPwdV00zvYYUosxKS => ED7l7bXTwV
+ 9rJkAqP9TUPjDF => I3
+ PWs559L3HHCd => Ro0d8K_AIWMN8
+ ZcUWVvGT5_Q2YfglyWKLch07sn8iue => qrfNunp24Y9cCg8zqkukDIYRpUP96DYcbfxvZ_M3IZd9
+ VK61a3rJ3UoLfL4sEoSH => qrfNunp24Y9cCg8zqkukDIYRpUP96DYcbfxvZ_M3IZd9
+ 1EdOagAe9nmuSO1h_0t5 => wdhBgh0Ltjv2i335KgPwQC8_rNk_NfqvpDb5ijkWSx
+ DM9wmW0jkCvaD9Ia1TqA => EGnXGHkH
+ 9rJkAqP9TUPjDF => Dc2
+ DM9wmW0jkCvaD9Ia1TqA => qrfNunp24Y9cCg8zqkukDIYRpUP96DYcbfxvZ_M3IZd9
+ ED7l7bXTwV => I3
+ 0VBf84DGf13ME1P1DUUWWyD => fsidWk
+ X_p3NrAYTRVycxgow4i75ntggiFAO => fsidWk
+ sY => I2mC60s1g8xmxVsnQdRXHD4iRZ0XTfafa6vaHnwngf52idl
+ 1EdOagAe9nmuSO1h_0t5 => X_p3NrAYTRVycxgow4i75ntggiFAO
+ qz6OXkC => AIATDQn7MjQaMjf
+ fsidWk => 1JkoMJ9Uepgmr5pmLDEdDnNnlL15uYbxj14CNM8
+ IXFqTaxQxcBkPREIUWuLlaVwwtG0ju4 => g2piymHWPbenG97k3NChp
+ I2mC60s1g8xmxVsnQdRXHD4iRZ0XTfafa6vaHnwngf52idl => 9rJkAqP9TUPjDF
+ 1JkoMJ9Uepgmr5pmLDEdDnNnlL15uYbxj14CNM8 => EGnXGHkH
+ 1EdOagAe9nmuSO1h_0t5 => F32qIAzJ1vXIEUkk2GoFxcRop
+ EGnXGHkH => 1JkoMJ9Uepgmr5pmLDEdDnNnlL15uYbxj14CNM8
+ w6U1RzLYdGf9jyPjaPzuP687uz4xTO2XOB9mH => EXJc3jL1MKqiC3OPQuvsfsyvtHLk_TAO
+ koGYj1wXC => AIATDQn7MjQaMjf
+ X_p3NrAYTRVycxgow4i75ntggiFAO => I3
+ _ZJ8EhA48gWgdcwnGNItGQDASaVDyzyGkU => PUSoKmTqZX0AeqwcUAtX0JfnHvyTftlzH9Zm8Gi1WdJIJEj
+ IXFqTaxQxcBkPREIUWuLlaVwwtG0ju4 => LQCraunbYjFlIpywH8V
+ Dc2 => F32qIAzJ1vXIEUkk2GoFxcRop
+ Y7WlcGKoHdaS7aoa5eVGOqBYdArKsxP27ou => ojNF
+ DM9wmW0jkCvaD9Ia1TqA => PUSoKmTqZX0AeqwcUAtX0JfnHvyTftlzH9Zm8Gi1WdJIJEj
+ Y7WlcGKoHdaS7aoa5eVGOqBYdArKsxP27ou => _ZJ8EhA48gWgdcwnGNItGQDASaVDyzyGkU
+ o_n0F36lPwdV00zvYYUosxKS => Y7WlcGKoHdaS7aoa5eVGOqBYdArKsxP27ou
+ 1WUYiXO => EGnXGHkH
+ lJQEO6i7Y6ndh4XCMu1A96FbMVgi21inXkMl6VooPbKtxcy => R7HXA2uJIfV8pvxzmrWAHWEJhBykufuDd_lxN__fiTsUNS4q0
+ ojNF => quRsRB_J0Rr2iB30vO
+ wdhBgh0Ltjv2i335KgPwQC8_rNk_NfqvpDb5ijkWSx => lJQEO6i7Y6ndh4XCMu1A96FbMVgi21inXkMl6VooPbKtxcy
+ T2MrVdwQcp7ZyWnHH => Ro0d8K_AIWMN8
+ DM9wmW0jkCvaD9Ia1TqA => I2mC60s1g8xmxVsnQdRXHD4iRZ0XTfafa6vaHnwngf52idl
+ wdhBgh0Ltjv2i335KgPwQC8_rNk_NfqvpDb5ijkWSx => qrfNunp24Y9cCg8zqkukDIYRpUP96DYcbfxvZ_M3IZd9
+ ojNF => EGnXGHkH
+ PWs559L3HHCd => qz6OXkC
+ Ro0d8K_AIWMN8 => EXJc3jL1MKqiC3OPQuvsfsyvtHLk_TAO
+ ED7l7bXTwV => I3
+ o_n0F36lPwdV00zvYYUosxKS => koGYj1wXC
+ koGYj1wXC => sY
+ jN5LNS4paPb1BsBwYf8b6VuAR4LGlPkRLN5DIt3aUd4 => Ro0d8K_AIWMN8
+ jN5LNS4paPb1BsBwYf8b6VuAR4LGlPkRLN5DIt3aUd4 => 1JkoMJ9Uepgmr5pmLDEdDnNnlL15uYbxj14CNM8
+ AIATDQn7MjQaMjf => 0GXq2OqN3hbbgvgWKQKEO1J
+ sY => 1JkoMJ9Uepgmr5pmLDEdDnNnlL15uYbxj14CNM8
+ o_n0F36lPwdV00zvYYUosxKS => DM9wmW0jkCvaD9Ia1TqA
+ gk6k3y0D7J4DASP6IBKID1DIYrAL_7gWimXYpXpORSo => R7HXA2uJIfV8pvxzmrWAHWEJhBykufuDd_lxN__fiTsUNS4q0
+ T2MrVdwQcp7ZyWnHH => F32qIAzJ1vXIEUkk2GoFxcRop
+ g7XorjTMvzqQF56Qra_3T60M9 => PWs559L3HHCd
+ F32qIAzJ1vXIEUkk2GoFxcRop => gk6k3y0D7J4DASP6IBKID1DIYrAL_7gWimXYpXpORSo
+ Ro0d8K_AIWMN8 => jnZ3kHQWTAXQ9VHxYlC
+ _ZJ8EhA48gWgdcwnGNItGQDASaVDyzyGkU => I3
+ Dc2 => EXJc3jL1MKqiC3OPQuvsfsyvtHLk_TAO
+ sY => koGYj1wXC
+ yZN6ST => g7XorjTMvzqQF56Qra_3T60M9
+ koGYj1wXC => drq0rv42B7MIgVfEw86Tv8SP36kljZvNJ3wwxC71TMtH8g6I
+ jnZ3kHQWTAXQ9VHxYlC => F32qIAzJ1vXIEUkk2GoFxcRop
+ LQCraunbYjFlIpywH8V => o_n0F36lPwdV00zvYYUosxKS
+ EXJc3jL1MKqiC3OPQuvsfsyvtHLk_TAO => gVoRDDNSQXCVVGdmU_P8FhfEkodnnqZ
+ VK61a3rJ3UoLfL4sEoSH => 1JkoMJ9Uepgmr5pmLDEdDnNnlL15uYbxj14CNM8
+ EGnXGHkH => F32qIAzJ1vXIEUkk2GoFxcRop
+ PWs559L3HHCd => Dc2
+ g7XorjTMvzqQF56Qra_3T60M9 => R7HXA2uJIfV8pvxzmrWAHWEJhBykufuDd_lxN__fiTsUNS4q0
+ R7HXA2uJIfV8pvxzmrWAHWEJhBykufuDd_lxN__fiTsUNS4q0 => LQCraunbYjFlIpywH8V
+ V7TLjnSS2zlVBGiIJ9wZWrmisaVV => g2piymHWPbenG97k3NChp
+ quRsRB_J0Rr2iB30vO => sY
+ EGnXGHkH => PUSoKmTqZX0AeqwcUAtX0JfnHvyTftlzH9Zm8Gi1WdJIJEj
+ jnZ3kHQWTAXQ9VHxYlC => gVoRDDNSQXCVVGdmU_P8FhfEkodnnqZ
+ g2piymHWPbenG97k3NChp => fsidWk
+ Y7WlcGKoHdaS7aoa5eVGOqBYdArKsxP27ou => drq0rv42B7MIgVfEw86Tv8SP36kljZvNJ3wwxC71TMtH8g6I
+ _ZJ8EhA48gWgdcwnGNItGQDASaVDyzyGkU => yZN6ST
+ VK61a3rJ3UoLfL4sEoSH => 0VBf84DGf13ME1P1DUUWWyD
+ jN5LNS4paPb1BsBwYf8b6VuAR4LGlPkRLN5DIt3aUd4 => LQCraunbYjFlIpywH8V
+ gk6k3y0D7J4DASP6IBKID1DIYrAL_7gWimXYpXpORSo => Ro0d8K_AIWMN8
+ fsidWk => quRsRB_J0Rr2iB30vO
+ qz6OXkC => fsidWk
+ w6U1RzLYdGf9jyPjaPzuP687uz4xTO2XOB9mH => o_n0F36lPwdV00zvYYUosxKS
+ o_n0F36lPwdV00zvYYUosxKS => ojNF
+ EXJc3jL1MKqiC3OPQuvsfsyvtHLk_TAO => yZN6ST
+ 0GXq2OqN3hbbgvgWKQKEO1J => jN5LNS4paPb1BsBwYf8b6VuAR4LGlPkRLN5DIt3aUd4
+ jnZ3kHQWTAXQ9VHxYlC => drq0rv42B7MIgVfEw86Tv8SP36kljZvNJ3wwxC71TMtH8g6I
+ w6U1RzLYdGf9jyPjaPzuP687uz4xTO2XOB9mH => _ZJ8EhA48gWgdcwnGNItGQDASaVDyzyGkU
+ R7HXA2uJIfV8pvxzmrWAHWEJhBykufuDd_lxN__fiTsUNS4q0 => w6U1RzLYdGf9jyPjaPzuP687uz4xTO2XOB9mH
+ qrfNunp24Y9cCg8zqkukDIYRpUP96DYcbfxvZ_M3IZd9 => 9rJkAqP9TUPjDF
+ 0VBf84DGf13ME1P1DUUWWyD => EGnXGHkH
+ I2mC60s1g8xmxVsnQdRXHD4iRZ0XTfafa6vaHnwngf52idl => fsidWk
+ Dc2 => X_p3NrAYTRVycxgow4i75ntggiFAO
+ fsidWk => AIATDQn7MjQaMjf
+ PWs559L3HHCd => PUSoKmTqZX0AeqwcUAtX0JfnHvyTftlzH9Zm8Gi1WdJIJEj
+ F32qIAzJ1vXIEUkk2GoFxcRop => P_sN6V5Mp6mfFgMBew9TaTjh5XFxLDbrYERt595pi
+ 1JkoMJ9Uepgmr5pmLDEdDnNnlL15uYbxj14CNM8 => EXJc3jL1MKqiC3OPQuvsfsyvtHLk_TAO
+ g2piymHWPbenG97k3NChp => w6U1RzLYdGf9jyPjaPzuP687uz4xTO2XOB9mH
+ 1WUYiXO => DM9wmW0jkCvaD9Ia1TqA
+ PWs559L3HHCd => 1WUYiXO
+ 1EdOagAe9nmuSO1h_0t5 => koGYj1wXC
+ w6U1RzLYdGf9jyPjaPzuP687uz4xTO2XOB9mH => gVoRDDNSQXCVVGdmU_P8FhfEkodnnqZ
+ lJQEO6i7Y6ndh4XCMu1A96FbMVgi21inXkMl6VooPbKtxcy => gVoRDDNSQXCVVGdmU_P8FhfEkodnnqZ
+ AIATDQn7MjQaMjf => Dc2
+ T2MrVdwQcp7ZyWnHH => yZN6ST
+ V7TLjnSS2zlVBGiIJ9wZWrmisaVV => LQCraunbYjFlIpywH8V
+ PUSoKmTqZX0AeqwcUAtX0JfnHvyTftlzH9Zm8Gi1WdJIJEj => w6U1RzLYdGf9jyPjaPzuP687uz4xTO2XOB9mH
+ sY => X_p3NrAYTRVycxgow4i75ntggiFAO
+ VK61a3rJ3UoLfL4sEoSH => 1WUYiXO
+ quRsRB_J0Rr2iB30vO => Y7WlcGKoHdaS7aoa5eVGOqBYdArKsxP27ou
+ _ZJ8EhA48gWgdcwnGNItGQDASaVDyzyGkU => w6U1RzLYdGf9jyPjaPzuP687uz4xTO2XOB9mH
+ lJQEO6i7Y6ndh4XCMu1A96FbMVgi21inXkMl6VooPbKtxcy => PUSoKmTqZX0AeqwcUAtX0JfnHvyTftlzH9Zm8Gi1WdJIJEj
+ 9rJkAqP9TUPjDF => wdhBgh0Ltjv2i335KgPwQC8_rNk_NfqvpDb5ijkWSx
+ g7XorjTMvzqQF56Qra_3T60M9 => X_p3NrAYTRVycxgow4i75ntggiFAO
+ ZcUWVvGT5_Q2YfglyWKLch07sn8iue => quRsRB_J0Rr2iB30vO
+ T2MrVdwQcp7ZyWnHH => gVoRDDNSQXCVVGdmU_P8FhfEkodnnqZ
+ koGYj1wXC => qz6OXkC
+ yZN6ST => AIATDQn7MjQaMjf
+ Q1KGJiwe => gk6k3y0D7J4DASP6IBKID1DIYrAL_7gWimXYpXpORSo
+ IXFqTaxQxcBkPREIUWuLlaVwwtG0ju4 => jN5LNS4paPb1BsBwYf8b6VuAR4LGlPkRLN5DIt3aUd4
+ 1WUYiXO => g2piymHWPbenG97k3NChp
+ ZcUWVvGT5_Q2YfglyWKLch07sn8iue => lJQEO6i7Y6ndh4XCMu1A96FbMVgi21inXkMl6VooPbKtxcy
+ quRsRB_J0Rr2iB30vO => 1EdOagAe9nmuSO1h_0t5
+ w6U1RzLYdGf9jyPjaPzuP687uz4xTO2XOB9mH => drq0rv42B7MIgVfEw86Tv8SP36kljZvNJ3wwxC71TMtH8g6I
+ jN5LNS4paPb1BsBwYf8b6VuAR4LGlPkRLN5DIt3aUd4 => EGnXGHkH
+ o_n0F36lPwdV00zvYYUosxKS => 5S02HLZ_EDb
+ lJQEO6i7Y6ndh4XCMu1A96FbMVgi21inXkMl6VooPbKtxcy => I2mC60s1g8xmxVsnQdRXHD4iRZ0XTfafa6vaHnwngf52idl
+ ojNF => qz6OXkC
+ drq0rv42B7MIgVfEw86Tv8SP36kljZvNJ3wwxC71TMtH8g6I => PWs559L3HHCd
+ 0GXq2OqN3hbbgvgWKQKEO1J => Y7WlcGKoHdaS7aoa5eVGOqBYdArKsxP27ou
+ Dc2 => EXJc3jL1MKqiC3OPQuvsfsyvtHLk_TAO
+ PUSoKmTqZX0AeqwcUAtX0JfnHvyTftlzH9Zm8Gi1WdJIJEj => w6U1RzLYdGf9jyPjaPzuP687uz4xTO2XOB9mH
+ I3 => _ZJ8EhA48gWgdcwnGNItGQDASaVDyzyGkU
+ F32qIAzJ1vXIEUkk2GoFxcRop => jnZ3kHQWTAXQ9VHxYlC
+ 0GXq2OqN3hbbgvgWKQKEO1J => 5S02HLZ_EDb
+ yZN6ST => R7HXA2uJIfV8pvxzmrWAHWEJhBykufuDd_lxN__fiTsUNS4q0
+ g2piymHWPbenG97k3NChp => P_sN6V5Mp6mfFgMBew9TaTjh5XFxLDbrYERt595pi
+ P_sN6V5Mp6mfFgMBew9TaTjh5XFxLDbrYERt595pi => jnZ3kHQWTAXQ9VHxYlC
+ EGnXGHkH => koGYj1wXC
+ 1EdOagAe9nmuSO1h_0t5 => ED7l7bXTwV
+ quRsRB_J0Rr2iB30vO => IXFqTaxQxcBkPREIUWuLlaVwwtG0ju4
+ sY => ED7l7bXTwV
+ 0VBf84DGf13ME1P1DUUWWyD => X_p3NrAYTRVycxgow4i75ntggiFAO
+ X_p3NrAYTRVycxgow4i75ntggiFAO => 5S02HLZ_EDb
+ yZN6ST => sY
+ _ZJ8EhA48gWgdcwnGNItGQDASaVDyzyGkU => 1EdOagAe9nmuSO1h_0t5
+ ZcUWVvGT5_Q2YfglyWKLch07sn8iue => R7HXA2uJIfV8pvxzmrWAHWEJhBykufuDd_lxN__fiTsUNS4q0
+ 1JkoMJ9Uepgmr5pmLDEdDnNnlL15uYbxj14CNM8 => LQCraunbYjFlIpywH8V
+ 0GXq2OqN3hbbgvgWKQKEO1J => IXFqTaxQxcBkPREIUWuLlaVwwtG0ju4
+ DM9wmW0jkCvaD9Ia1TqA => PUSoKmTqZX0AeqwcUAtX0JfnHvyTftlzH9Zm8Gi1WdJIJEj
+ EXJc3jL1MKqiC3OPQuvsfsyvtHLk_TAO => AIATDQn7MjQaMjf
+ fsidWk => P_sN6V5Mp6mfFgMBew9TaTjh5XFxLDbrYERt595pi
+ I2mC60s1g8xmxVsnQdRXHD4iRZ0XTfafa6vaHnwngf52idl => quRsRB_J0Rr2iB30vO
+ 1JkoMJ9Uepgmr5pmLDEdDnNnlL15uYbxj14CNM8 => drq0rv42B7MIgVfEw86Tv8SP36kljZvNJ3wwxC71TMtH8g6I
+ sY => fsidWk
+ ojNF => 5S02HLZ_EDb
+ qz6OXkC => ojNF
+ EXJc3jL1MKqiC3OPQuvsfsyvtHLk_TAO => Dc2
+ VK61a3rJ3UoLfL4sEoSH => Y7WlcGKoHdaS7aoa5eVGOqBYdArKsxP27ou
+ _ZJ8EhA48gWgdcwnGNItGQDASaVDyzyGkU => gVoRDDNSQXCVVGdmU_P8FhfEkodnnqZ
+ I2mC60s1g8xmxVsnQdRXHD4iRZ0XTfafa6vaHnwngf52idl => DM9wmW0jkCvaD9Ia1TqA
+ ED7l7bXTwV => X_p3NrAYTRVycxgow4i75ntggiFAO
+ koGYj1wXC => jnZ3kHQWTAXQ9VHxYlC
+ P_sN6V5Mp6mfFgMBew9TaTjh5XFxLDbrYERt595pi => F32qIAzJ1vXIEUkk2GoFxcRop
+ lJQEO6i7Y6ndh4XCMu1A96FbMVgi21inXkMl6VooPbKtxcy => I3
